#
# There is insufficient memory for the Java Runtime Environment to continue.
# Native memory allocation (malloc) failed to allocate 646976 bytes for Chunk::new
# Possible reasons:
#   The system is out of physical RAM or swap space
#   In 32 bit mode, the process size limit was hit
# Possible solutions:
#   Reduce memory load on the system
#   Increase physical memory or swap space
#   Check if swap backing store is full
#   Use 64 bit Java on a 64 bit OS
#   Decrease Java heap size (-Xmx/-Xms)
#   Decrease number of Java threads
#   Decrease Java thread stack sizes (-Xss)
#   Set larger code cache with -XX:ReservedCodeCacheSize=
# This output file may be truncated or incomplete.
#
#  Out of Memory Error (allocation.cpp:372), pid=880, tid=1928
#
# JRE version: Java(TM) SE Runtime Environment (9.0-b52) (build 1.9.0-ea-b52)
# Java VM: Java HotSpot(TM) 64-Bit Server VM (1.9.0-ea-b52 mixed mode windows-amd64 compressed oops)
# Failed to write core dump. Minidumps are not enabled by default on client versions of Windows
#

---------------  T H R E A D  ---------------

Current thread (0x00000000585e3000):  JavaThread "C2 CompilerThread1" daemon [_thread_in_native, id=1928, stack(0x0000000059170000,0x0000000059270000)]

Stack: [0x0000000059170000,0x0000000059270000]
[error occurred during error reporting (printing stack bounds), id 0xc0000005]

Native frames: (J=compiled Java code, j=interpreted, Vv=VM code, C=native code)


Current CompileTask:
C2:7225407 18689       4       org.gradle.api.internal.artifacts.configurations.Configurations::getNames (58 bytes)


---------------  P R O C E S S  ---------------

Java Threads: ( => current thread )
  0x000000005fe9b800 JavaThread "Stdin handler" [_thread_blocked, id=7304, stack(0x0000000065130000,0x0000000065230000)]
  0x000000005fe98800 JavaThread "Daemon worker Thread 16" [_thread_in_native, id=7816, stack(0x000000005c180000,0x000000005c280000)]
  0x000000005fe9b000 JavaThread "Cancel handler" [_thread_blocked, id=8392, stack(0x000000005d8d0000,0x000000005d9d0000)]
  0x000000005fe9a000 JavaThread "Handler for socket connection from /127.0.0.1:1192 to /127.0.0.1:16797" [_thread_in_native, id=6732, stack(0x000000005bc80000,0x000000005bd80000)]
  0x000000005fe99800 JavaThread "Daemon Thread 16" [_thread_blocked, id=8428, stack(0x000000005ba30000,0x000000005bb30000)]
  0x000000005fea5800 JavaThread "pool-3-thread-4" [_thread_blocked, id=8368, stack(0x0000000066090000,0x0000000066190000)]
  0x000000005fea4800 JavaThread "pool-3-thread-3" [_thread_blocked, id=8172, stack(0x000000005ef70000,0x000000005f070000)]
  0x000000005fea2800 JavaThread "pool-3-thread-2" [_thread_blocked, id=8168, stack(0x0000000065e80000,0x0000000065f80000)]
  0x000000005fe9f800 JavaThread "pool-3-thread-1" [_thread_blocked, id=4708, stack(0x0000000065d30000,0x0000000065e30000)]
  0x000000005adb8800 JavaThread "File lock request listener" [_thread_in_native, id=1556, stack(0x000000005edf0000,0x000000005eef0000)]
  0x000000005a498000 JavaThread "Incoming local TCP Connector on port 1192" [_thread_in_native, id=1036, stack(0x000000005b520000,0x000000005b620000)]
  0x000000005868d800 JavaThread "Service Thread" daemon [_thread_blocked, id=1708, stack(0x0000000059780000,0x0000000059880000)]
  0x000000005862d000 JavaThread "Sweeper thread" daemon [_thread_blocked, id=2000, stack(0x0000000059670000,0x0000000059770000)]
  0x00000000585fe000 JavaThread "C1 CompilerThread3" daemon [_thread_blocked, id=436, stack(0x0000000059480000,0x0000000059580000)]
  0x00000000585f3000 JavaThread "C2 CompilerThread2" daemon [_thread_in_native, id=4360, stack(0x0000000059280000,0x0000000059380000)]
=>0x00000000585e3000 JavaThread "C2 CompilerThread1" daemon [_thread_in_native, id=1928, stack(0x0000000059170000,0x0000000059270000)]
  0x00000000585de800 JavaThread "C2 CompilerThread0" daemon [_thread_in_native, id=1596, stack(0x0000000058fd0000,0x00000000590d0000)]
  0x00000000585ef000 JavaThread "Attach Listener" daemon [_thread_blocked, id=4228, stack(0x0000000058e40000,0x0000000058f40000)]
  0x00000000585ed800 JavaThread "Signal Dispatcher" daemon [_thread_blocked, id=1348, stack(0x0000000058d40000,0x0000000058e40000)]
  0x00000000585d0800 JavaThread "Finalizer" daemon [_thread_blocked, id=4340, stack(0x0000000058b70000,0x0000000058c70000)]
  0x00000000566fe000 JavaThread "Reference Handler" daemon [_thread_blocked, id=2444, stack(0x0000000058490000,0x0000000058590000)]
  0x00000000022ce800 JavaThread "main" [_thread_blocked, id=1444, stack(0x0000000002500000,0x0000000002600000)]

Other Threads:
  0x00000000566f7000 VMThread [stack: 0x0000000058350000,0x0000000058450000] [id=1436]
  0x000000005868f000 WatcherThread [stack: 0x0000000059950000,0x0000000059a50000] [id=4688]

VM state:not at safepoint (normal execution)

VM Mutex/Monitor currently owned by a thread: None

Heap:
 PSYoungGen      total 492032K, used 386471K [0x00000000e0000000, 0x0000000100000000, 0x0000000100000000)
  eden space 459264K, 84% used [0x00000000e0000000,0x00000000f7969f10,0x00000000fc080000)
  from space 32768K, 0% used [0x00000000fe000000,0x00000000fe000000,0x0000000100000000)
  to   space 32256K, 0% used [0x00000000fc080000,0x00000000fc080000,0x00000000fe000000)
 ParOldGen       total 86528K, used 44464K [0x00000000a0000000, 0x00000000a5480000, 0x00000000e0000000)
  object space 86528K, 51% used [0x00000000a0000000,0x00000000a2b6c2a8,0x00000000a5480000)
 Metaspace       used 70094K, capacity 74712K, committed 75048K, reserved 1114112K
  class space    used 9049K, capacity 9708K, committed 10032K, reserved 1048576K

Card table byte_map: [0x00000000119c0000,0x0000000011cd0000] byte_map_base: 0x00000000114c0000

Marking Bits: (ParMarkBitMap*) 0x0000000068201760
 Begin Bits: [0x0000000012a00000, 0x0000000014200000)
 End Bits:   [0x0000000014200000, 0x0000000015a00000)

Polling page: 0x0000000000230000

CodeHeap 'non-nmethods': size=5760Kb used=2253Kb max_used=2322Kb free=3507Kb
 bounds [0x00000000028d0000, 0x0000000002b40000, 0x0000000002e70000]
CodeHeap 'profiled nmethods': size=120000Kb used=35465Kb max_used=36088Kb free=84534Kb
 bounds [0x0000000002e70000, 0x00000000051e0000, 0x000000000a3a0000]
CodeHeap 'non-profiled nmethods': size=120000Kb used=19123Kb max_used=19123Kb free=100877Kb
 bounds [0x000000000a3a0000, 0x000000000b650000, 0x00000000118d0000]
 total_blobs=15508 nmethods=14748 adapters=671
 compilation: enabled

Compilation events (10 events):
Event: 7222.304 Thread 0x00000000585e3000 nmethod 18685 0x000000000b64c390 code [0x000000000b64c4e0, 0x000000000b64c5d8]
Event: 7222.304 Thread 0x00000000585e3000 18686       4       com.sun.org.apache.xerces.internal.parsers.XML11Configuration::setDocumentHandler (46 bytes)
Event: 7222.306 Thread 0x00000000585e3000 nmethod 18686 0x000000000b64c690 code [0x000000000b64c7c0, 0x000000000b64c838]
Event: 7222.360 Thread 0x00000000585fe000 18687       3       org.gradle.api.internal.artifacts.repositories.resolver.MavenResolver::<init> (114 bytes)
Event: 7222.361 Thread 0x00000000585e3000 18689       4       org.gradle.api.internal.artifacts.configurations.Configurations::getNames (58 bytes)
Event: 7222.366 Thread 0x00000000585fe000 nmethod 18687 0x0000000004c1f790 code [0x0000000004c1fa40, 0x0000000004c20ed8]
Event: 7222.366 Thread 0x00000000585fe000 18688       3       org.gradle.api.internal.artifacts.repositories.resolver.MavenResolver::updatePatterns (85 bytes)
Event: 7222.374 Thread 0x00000000585fe000 nmethod 18688 0x0000000004c9c510 code [0x0000000004c9c860, 0x0000000004c9e4f8]
Event: 7222.411 Thread 0x00000000585fe000 18691       1       org.gradle.api.internal.artifacts.ivyservice.ivyresolve.CachingModuleComponentRepository::access$1400 (5 bytes)
Event: 7222.411 Thread 0x00000000585fe000 nmethod 18691 0x000000000b64c910 code [0x000000000b64ca60, 0x000000000b64cb50]

GC Heap History (10 events):
Event: 6226.371 GC heap before
{Heap before GC invocations=25 (full 12):
 PSYoungGen      total 476160K, used 245313K [0x00000000e0000000, 0x0000000100000000, 0x0000000100000000)
  eden space 446464K, 54% used [0x00000000e0000000,0x00000000eef90508,0x00000000fb400000)
  from space 29696K, 0% used [0x00000000fb400000,0x00000000fb400000,0x00000000fd100000)
  to   space 32768K, 0% used [0x00000000fe000000,0x00000000fe000000,0x0000000100000000)
 ParOldGen       total 86528K, used 44261K [0x00000000a0000000, 0x00000000a5480000, 0x00000000e0000000)
  object space 86528K, 51% used [0x00000000a0000000,0x00000000a2b395d8,0x00000000a5480000)
 Metaspace       used 68482K, capacity 71710K, committed 72872K, reserved 1112064K
  class space    used 8836K, capacity 9379K, committed 9904K, reserved 1048576K
Event: 6227.203 GC heap after
Heap after GC invocations=25 (full 12):
 PSYoungGen      total 476160K, used 0K [0x00000000e0000000, 0x0000000100000000, 0x0000000100000000)
  eden space 446464K, 0% used [0x00000000e0000000,0x00000000e0000000,0x00000000fb400000)
  from space 29696K, 0% used [0x00000000fb400000,0x00000000fb400000,0x00000000fd100000)
  to   space 32768K, 0% used [0x00000000fe000000,0x00000000fe000000,0x0000000100000000)
 ParOldGen       total 86528K, used 44080K [0x00000000a0000000, 0x00000000a5480000, 0x00000000e0000000)
  object space 86528K, 50% used [0x00000000a0000000,0x00000000a2b0c390,0x00000000a5480000)
 Metaspace       used 68437K, capacity 71638K, committed 72872K, reserved 1112064K
  class space    used 8829K, capacity 9367K, committed 9904K, reserved 1048576K
}
Event: 6522.316 GC heap before
{Heap before GC invocations=26 (full 13):
 PSYoungGen      total 476160K, used 324577K [0x00000000e0000000, 0x0000000100000000, 0x0000000100000000)
  eden space 446464K, 72% used [0x00000000e0000000,0x00000000f3cf86f0,0x00000000fb400000)
  from space 29696K, 0% used [0x00000000fb400000,0x00000000fb400000,0x00000000fd100000)
  to   space 32768K, 0% used [0x00000000fe000000,0x00000000fe000000,0x0000000100000000)
 ParOldGen       total 86528K, used 44080K [0x00000000a0000000, 0x00000000a5480000, 0x00000000e0000000)
  object space 86528K, 50% used [0x00000000a0000000,0x00000000a2b0c390,0x00000000a5480000)
 Metaspace       used 68678K, capacity 72024K, committed 73384K, reserved 1112064K
  class space    used 8842K, capacity 9382K, committed 9904K, reserved 1048576K
Event: 6523.120 GC heap after
Heap after GC invocations=26 (full 13):
 PSYoungGen      total 476160K, used 0K [0x00000000e0000000, 0x0000000100000000, 0x0000000100000000)
  eden space 446464K, 0% used [0x00000000e0000000,0x00000000e0000000,0x00000000fb400000)
  from space 29696K, 0% used [0x00000000fb400000,0x00000000fb400000,0x00000000fd100000)
  to   space 32768K, 0% used [0x00000000fe000000,0x00000000fe000000,0x0000000100000000)
 ParOldGen       total 86528K, used 44281K [0x00000000a0000000, 0x00000000a5480000, 0x00000000e0000000)
  object space 86528K, 51% used [0x00000000a0000000,0x00000000a2b3e448,0x00000000a5480000)
 Metaspace       used 68678K, capacity 72024K, committed 73384K, reserved 1112064K
  class space    used 8842K, capacity 9382K, committed 9904K, reserved 1048576K
}
Event: 6760.397 GC heap before
{Heap before GC invocations=27 (full 13):
 PSYoungGen      total 476160K, used 446464K [0x00000000e0000000, 0x0000000100000000, 0x0000000100000000)
  eden space 446464K, 100% used [0x00000000e0000000,0x00000000fb400000,0x00000000fb400000)
  from space 29696K, 0% used [0x00000000fb400000,0x00000000fb400000,0x00000000fd100000)
  to   space 32768K, 0% used [0x00000000fe000000,0x00000000fe000000,0x0000000100000000)
 ParOldGen       total 86528K, used 44281K [0x00000000a0000000, 0x00000000a5480000, 0x00000000e0000000)
  object space 86528K, 51% used [0x00000000a0000000,0x00000000a2b3e448,0x00000000a5480000)
 Metaspace       used 69653K, capacity 74110K, committed 74536K, reserved 1114112K
  class space    used 9011K, capacity 9667K, committed 10032K, reserved 1048576K
Event: 6760.535 GC heap after
Heap after GC invocations=27 (full 13):
 PSYoungGen      total 492032K, used 18011K [0x00000000e0000000, 0x0000000100000000, 0x0000000100000000)
  eden space 459264K, 0% used [0x00000000e0000000,0x00000000e0000000,0x00000000fc080000)
  from space 32768K, 54% used [0x00000000fe000000,0x00000000ff196da0,0x0000000100000000)
  to   space 32256K, 0% used [0x00000000fc080000,0x00000000fc080000,0x00000000fe000000)
 ParOldGen       total 86528K, used 44289K [0x00000000a0000000, 0x00000000a5480000, 0x00000000e0000000)
  object space 86528K, 51% used [0x00000000a0000000,0x00000000a2b40448,0x00000000a5480000)
 Metaspace       used 69653K, capacity 74110K, committed 74536K, reserved 1114112K
  class space    used 9011K, capacity 9667K, committed 10032K, reserved 1048576K
}
Event: 6775.421 GC heap before
{Heap before GC invocations=28 (full 14):
 PSYoungGen      total 492032K, used 150199K [0x00000000e0000000, 0x0000000100000000, 0x0000000100000000)
  eden space 459264K, 28% used [0x00000000e0000000,0x00000000e8117040,0x00000000fc080000)
  from space 32768K, 54% used [0x00000000fe000000,0x00000000ff196da0,0x0000000100000000)
  to   space 32256K, 0% used [0x00000000fc080000,0x00000000fc080000,0x00000000fe000000)
 ParOldGen       total 86528K, used 44289K [0x00000000a0000000, 0x00000000a5480000, 0x00000000e0000000)
  object space 86528K, 51% used [0x00000000a0000000,0x00000000a2b40448,0x00000000a5480000)
 Metaspace       used 69731K, capacity 74140K, committed 74536K, reserved 1114112K
  class space    used 9014K, capacity 9672K, committed 10032K, reserved 1048576K
Event: 6776.892 GC heap after
Heap after GC invocations=28 (full 14):
 PSYoungGen      total 492032K, used 0K [0x00000000e0000000, 0x0000000100000000, 0x0000000100000000)
  eden space 459264K, 0% used [0x00000000e0000000,0x00000000e0000000,0x00000000fc080000)
  from space 32768K, 0% used [0x00000000fe000000,0x00000000fe000000,0x0000000100000000)
  to   space 32256K, 0% used [0x00000000fc080000,0x00000000fc080000,0x00000000fe000000)
 ParOldGen       total 86528K, used 40473K [0x00000000a0000000, 0x00000000a5480000, 0x00000000e0000000)
  object space 86528K, 46% used [0x00000000a0000000,0x00000000a2786580,0x00000000a5480000)
 Metaspace       used 69687K, capacity 74022K, committed 74536K, reserved 1114112K
  class space    used 9003K, capacity 9659K, committed 10032K, reserved 1048576K
}
Event: 6966.972 GC heap before
{Heap before GC invocations=29 (full 15):
 PSYoungGen      total 492032K, used 244228K [0x00000000e0000000, 0x0000000100000000, 0x0000000100000000)
  eden space 459264K, 53% used [0x00000000e0000000,0x00000000eee81270,0x00000000fc080000)
  from space 32768K, 0% used [0x00000000fe000000,0x00000000fe000000,0x0000000100000000)
  to   space 32256K, 0% used [0x00000000fc080000,0x00000000fc080000,0x00000000fe000000)
 ParOldGen       total 86528K, used 40473K [0x00000000a0000000, 0x00000000a5480000, 0x00000000e0000000)
  object space 86528K, 46% used [0x00000000a0000000,0x00000000a2786580,0x00000000a5480000)
 Metaspace       used 69839K, capacity 74196K, committed 74792K, reserved 1114112K
  class space    used 9013K, capacity 9670K, committed 10032K, reserved 1048576K
Event: 6967.637 GC heap after
Heap after GC invocations=29 (full 15):
 PSYoungGen      total 492032K, used 0K [0x00000000e0000000, 0x0000000100000000, 0x0000000100000000)
  eden space 459264K, 0% used [0x00000000e0000000,0x00000000e0000000,0x00000000fc080000)
  from space 32768K, 0% used [0x00000000fe000000,0x00000000fe000000,0x0000000100000000)
  to   space 32256K, 0% used [0x00000000fc080000,0x00000000fc080000,0x00000000fe000000)
 ParOldGen       total 86528K, used 44464K [0x00000000a0000000, 0x00000000a5480000, 0x00000000e0000000)
  object space 86528K, 51% used [0x00000000a0000000,0x00000000a2b6c2a8,0x00000000a5480000)
 Metaspace       used 69839K, capacity 74196K, committed 74792K, reserved 1114112K
  class space    used 9013K, capacity 9670K, committed 10032K, reserved 1048576K
}

Deoptimization events (10 events):
Event: 6019.722 Thread 0x000000005fe98800 Uncommon trap: reason=class_check action=maybe_recompile pc=0x000000000af6fd00 method=org.gradle.api.internal.changedetection.state.DefaultFileCollectionSnapshotter$FileCollectionSnapshotImpl$2.next(Lorg/gradle/util/ChangeListener;)Z @ 79
Event: 6510.834 Thread 0x000000005fe9a000 Uncommon trap: reason=class_check action=maybe_recompile pc=0x000000000b2ec0d4 method=com.sun.tools.javac.code.Type.isCompound()Z @ 14
Event: 6510.834 Thread 0x000000005fe9a000 Uncommon trap: reason=class_check action=maybe_recompile pc=0x000000000b2ec0d4 method=com.sun.tools.javac.code.Type.isCompound()Z @ 14
Event: 6522.295 Thread 0x000000005fe9a000 Uncommon trap: reason=class_check action=maybe_recompile pc=0x000000000a9c62d8 method=java.util.HashMap.removeNode(ILjava/lang/Object;Ljava/lang/Object;ZZ)Ljava/util/HashMap$Node; @ 143
Event: 6765.250 Thread 0x000000005fe98800 Uncommon trap: reason=class_check action=maybe_recompile pc=0x000000000b2ec0d4 method=com.sun.tools.javac.code.Type.isCompound()Z @ 14
Event: 6765.250 Thread 0x000000005fe98800 Uncommon trap: reason=class_check action=maybe_recompile pc=0x000000000b2ec0d4 method=com.sun.tools.javac.code.Type.isCompound()Z @ 14
Event: 6765.286 Thread 0x000000005fe98800 Uncommon trap: reason=bimorphic action=maybe_recompile pc=0x000000000ab78514 method=com.sun.tools.javac.code.Types$19.visitClassType(Lcom/sun/tools/javac/code/Type$ClassType;Ljava/lang/Void;)Lcom/sun/tools/javac/util/List; @ 46
Event: 6775.376 Thread 0x000000005fe98800 Uncommon trap: reason=predicate action=maybe_recompile pc=0x000000000b5197dc method=java.util.ComparableTimSort.reverseRange([Ljava/lang/Object;II)V @ 8
Event: 6957.569 Thread 0x000000005fe9b000 Uncommon trap: reason=bimorphic action=maybe_recompile pc=0x000000000ab78514 method=com.sun.tools.javac.code.Types$19.visitClassType(Lcom/sun/tools/javac/code/Type$ClassType;Ljava/lang/Void;)Lcom/sun/tools/javac/util/List; @ 46
Event: 6967.644 Thread 0x000000005fe99800 Uncommon trap: reason=null_check action=make_not_entrant pc=0x000000000b560c00 method=java.io.ObjectStreamClass.getField(Ljava/lang/String;Ljava/lang/Class;)Ljava/io/ObjectStreamField; @ 67

Internal exceptions (10 events):
Event: 6957.573 Thread 0x000000005fe9b000 Exception <a 'sun/nio/fs/WindowsException'> (0x00000000ed310bf8) thrown at [C:\re\workspace\9-2-build-windows-amd64-cygwin\jdk9\2273.nc\hotspot\src\share\vm\prims\jni.cpp, line 604]
Event: 6957.573 Thread 0x000000005fe9b000 Exception <a 'sun/nio/fs/WindowsException'> (0x00000000ed313538) thrown at [C:\re\workspace\9-2-build-windows-amd64-cygwin\jdk9\2273.nc\hotspot\src\share\vm\prims\jni.cpp, line 604]
Event: 6957.574 Thread 0x000000005fe9b000 Exception <a 'sun/nio/fs/WindowsException'> (0x00000000ed314318) thrown at [C:\re\workspace\9-2-build-windows-amd64-cygwin\jdk9\2273.nc\hotspot\src\share\vm\prims\jni.cpp, line 604]
Event: 6957.578 Thread 0x000000005fe9b000 Exception <a 'sun/nio/fs/WindowsException'> (0x00000000ed335678) thrown at [C:\re\workspace\9-2-build-windows-amd64-cygwin\jdk9\2273.nc\hotspot\src\share\vm\prims\jni.cpp, line 604]
Event: 6957.578 Thread 0x000000005fe9b000 Exception <a 'sun/nio/fs/WindowsException'> (0x00000000ed336448) thrown at [C:\re\workspace\9-2-build-windows-amd64-cygwin\jdk9\2273.nc\hotspot\src\share\vm\prims\jni.cpp, line 604]
Event: 6966.919 Thread 0x000000005fe9b000 Exception <a 'java/io/FileNotFoundException'> (0x00000000eed69cd0) thrown at [C:\re\workspace\9-2-build-windows-amd64-cygwin\jdk9\2273.nc\hotspot\src\share\vm\prims\jni.cpp, line 604]
Event: 7048.100 Thread 0x000000005fe9a000 Exception <a 'java/lang/ClassNotFoundException': asLocalRepo290_49g0vf9v78gkg90lz1bk4sv41BeanInfo> (0x00000000e1543408) thrown at [C:\re\workspace\9-2-build-windows-amd64-cygwin\jdk9\2273.nc\hotspot\src\share\vm\classfile\systemDictionary.cpp, line 214]
Event: 7048.102 Thread 0x000000005fe9a000 Exception <a 'java/lang/ClassNotFoundException': asLocalRepo290_49g0vf9v78gkg90lz1bk4sv41Customizer> (0x00000000e154c4f8) thrown at [C:\re\workspace\9-2-build-windows-amd64-cygwin\jdk9\2273.nc\hotspot\src\share\vm\classfile\systemDictionary.cpp, line 214]
Event: 7206.750 Thread 0x000000005fe98800 Exception <a 'java/lang/ClassNotFoundException': asLocalRepo657_eslqpfpvlhjhsolkxnx7ekd3cBeanInfo> (0x00000000edb22a78) thrown at [C:\re\workspace\9-2-build-windows-amd64-cygwin\jdk9\2273.nc\hotspot\src\share\vm\classfile\systemDictionary.cpp, line 214]
Event: 7206.751 Thread 0x000000005fe98800 Exception <a 'java/lang/ClassNotFoundException': asLocalRepo657_eslqpfpvlhjhsolkxnx7ekd3cCustomizer> (0x00000000edb2bb58) thrown at [C:\re\workspace\9-2-build-windows-amd64-cygwin\jdk9\2273.nc\hotspot\src\share\vm\classfile\systemDictionary.cpp, line 214]

Events (10 events):
Event: 7206.843 loading class groovy/runtime/metaclass/asLocalRepo657_eslqpfpvlhjhsolkxnx7ekd3c$_run_closure1$_closure2$_closure4$_closure5MetaClass
Event: 7206.843 loading class groovy/runtime/metaclass/asLocalRepo657_eslqpfpvlhjhsolkxnx7ekd3c$_run_closure1$_closure2$_closure4$_closure5MetaClass done
Event: 7206.844 loading class asLocalRepo657_eslqpfpvlhjhsolkxnx7ekd3c$_run_closure1$_closure3
Event: 7206.844 loading class asLocalRepo657_eslqpfpvlhjhsolkxnx7ekd3c$_run_closure1$_closure3 done
Event: 7206.846 loading class groovy/runtime/metaclass/asLocalRepo657_eslqpfpvlhjhsolkxnx7ekd3c$_run_closure1$_closure3MetaClass
Event: 7206.846 loading class groovy/runtime/metaclass/asLocalRepo657_eslqpfpvlhjhsolkxnx7ekd3c$_run_closure1$_closure3MetaClass done
Event: 7206.846 loading class asLocalRepo657_eslqpfpvlhjhsolkxnx7ekd3c$_run_closure1$_closure3$_closure6
Event: 7206.846 loading class asLocalRepo657_eslqpfpvlhjhsolkxnx7ekd3c$_run_closure1$_closure3$_closure6 done
Event: 7206.848 loading class groovy/runtime/metaclass/asLocalRepo657_eslqpfpvlhjhsolkxnx7ekd3c$_run_closure1$_closure3$_closure6MetaClass
Event: 7206.848 loading class groovy/runtime/metaclass/asLocalRepo657_eslqpfpvlhjhsolkxnx7ekd3c$_run_closure1$_closure3$_closure6MetaClass done


Dynamic libraries:
0x000000013fe60000 - 0x000000013fe97000 	C:\Program Files\Java\jdk1.9.0\bin\java.exe
0x00000000774e0000 - 0x0000000077689000 	C:\Windows\SYSTEM32\ntdll.dll
0x00000000773c0000 - 0x00000000774df000 	C:\Windows\system32\kernel32.dll
0x000007fefd4b0000 - 0x000007fefd51b000 	C:\Windows\system32\KERNELBASE.dll
0x000007fefda90000 - 0x000007fefdb6b000 	C:\Windows\system32\ADVAPI32.dll
0x000007fefd8c0000 - 0x000007fefd95f000 	C:\Windows\system32\msvcrt.dll
0x000007fefd6d0000 - 0x000007fefd6ef000 	C:\Windows\SYSTEM32\sechost.dll
0x000007fefecf0000 - 0x000007fefee1d000 	C:\Windows\system32\RPCRT4.dll
0x00000000772c0000 - 0x00000000773ba000 	C:\Windows\system32\USER32.dll
0x000007fefd650000 - 0x000007fefd6b7000 	C:\Windows\system32\GDI32.dll
0x000007fefd960000 - 0x000007fefd96e000 	C:\Windows\system32\LPK.dll
0x000007feff4c0000 - 0x000007feff589000 	C:\Windows\system32\USP10.dll
0x000007fefb7b0000 - 0x000007fefb9a4000 	C:\Windows\WinSxS\amd64_microsoft.windows.common-controls_6595b64144ccf1df_6.0.7601.17514_none_fa396087175ac9ac\COMCTL32.dll
0x000007feff300000 - 0x000007feff371000 	C:\Windows\system32\SHLWAPI.dll
0x000007feff380000 - 0x000007feff3ae000 	C:\Windows\system32\IMM32.DLL
0x000007feff3b0000 - 0x000007feff4b9000 	C:\Windows\system32\MSCTF.dll
0x0000000073dc0000 - 0x0000000073e92000 	C:\Program Files\Java\jdk1.9.0\bin\msvcr100.dll
0x0000000067a00000 - 0x0000000068280000 	C:\Program Files\Java\jdk1.9.0\bin\server\jvm.dll
0x000007fefa850000 - 0x000007fefa859000 	C:\Windows\system32\WSOCK32.dll
0x000007fefd870000 - 0x000007fefd8bd000 	C:\Windows\system32\WS2_32.dll
0x000007fefd6c0000 - 0x000007fefd6c8000 	C:\Windows\system32\NSI.dll
0x000007fefb010000 - 0x000007fefb04b000 	C:\Windows\system32\WINMM.dll
0x000007fefc380000 - 0x000007fefc38c000 	C:\Windows\system32\VERSION.dll
0x00000000776a0000 - 0x00000000776a7000 	C:\Windows\system32\PSAPI.DLL
0x000007fef3e60000 - 0x000007fef3e6f000 	C:\Program Files\Java\jdk1.9.0\bin\verify.dll
0x000007fef2540000 - 0x000007fef2567000 	C:\Program Files\Java\jdk1.9.0\bin\java.dll
0x000007fef25b0000 - 0x000007fef25c6000 	C:\Program Files\Java\jdk1.9.0\bin\zip.dll
0x000007fefdd00000 - 0x000007fefea88000 	C:\Windows\system32\SHELL32.dll
0x000007feff0f0000 - 0x000007feff2f3000 	C:\Windows\system32\ole32.dll
0x000007fefd290000 - 0x000007fefd29f000 	C:\Windows\system32\profapi.dll
0x000007fef2520000 - 0x000007fef253a000 	C:\Program Files\Java\jdk1.9.0\bin\net.dll
0x000007fefca70000 - 0x000007fefcac5000 	C:\Windows\system32\mswsock.dll
0x000007fefca60000 - 0x000007fefca67000 	C:\Windows\System32\wship6.dll
0x000007fef22a0000 - 0x000007fef22b2000 	C:\Program Files\Java\jdk1.9.0\bin\nio.dll
0x000007fef4380000 - 0x000007fef4392000 	C:\Users\khakzad\.gradle\native\19\windows-amd64\native-platform.dll
0x000007fefa430000 - 0x000007fefa457000 	C:\Windows\system32\IPHLPAPI.DLL
0x000007fefa420000 - 0x000007fefa42b000 	C:\Windows\system32\WINNSI.DLL
0x000007fefa2a0000 - 0x000007fefa2b8000 	C:\Windows\system32\dhcpcsvc.DLL
0x000007fef9e20000 - 0x000007fef9e31000 	C:\Windows\system32\dhcpcsvc6.DLL
0x000007fefcad0000 - 0x000007fefcae7000 	C:\Windows\system32\CRYPTSP.dll
0x000007fefc7d0000 - 0x000007fefc817000 	C:\Windows\system32\rsaenh.dll
0x000007fefd460000 - 0x000007fefd47e000 	C:\Windows\system32\USERENV.dll
0x000007fefd130000 - 0x000007fefd13f000 	C:\Windows\system32\CRYPTBASE.dll
0x000007fefd0d0000 - 0x000007fefd127000 	C:\Windows\system32\apphelp.dll
0x000007fef3e70000 - 0x000007fef3e7d000 	C:\Program Files\Java\jdk1.9.0\bin\management.dll
0x000007fefadd0000 - 0x000007fefadf4000 	C:\Program Files\Java\jdk1.9.0\bin\sunec.dll
0x000007fefc450000 - 0x000007fefc457000 	C:\Windows\System32\wshtcpip.dll
0x000007fef8650000 - 0x000007fef8662000 	C:\Windows\system32\PrxerNsp.dll
0x000007fefc8f0000 - 0x000007fefc94b000 	C:\Windows\system32\DNSAPI.dll
0x000007fef8640000 - 0x000007fef8648000 	C:\Windows\system32\rasadhlp.dll
0x000007fefa0c0000 - 0x000007fefa113000 	C:\Windows\System32\fwpuclnt.dll

VM Arguments:
jvm_args: -Xmx1536m -Dfile.encoding=windows-1256 -Duser.country=US -Duser.language=en -Duser.variant 
java_command: org.gradle.launcher.daemon.bootstrap.GradleDaemon 2.10
java_class_path (initial): C:\Users\khakzad\.gradle\wrapper\dists\gradle-2.10-all\a4w5fzrkeut1ox71xslb49gst\gradle-2.10\lib\gradle-launcher-2.10.jar
Launcher Type: SUN_STANDARD

Environment Variables:
JAVA_HOME=C:\Program Files\Java\jdk1.8.0_05
JRE_HOME=C:\Program Files\Java\jre8
PATH=C:\ProgramData\Oracle\Java\javapath;C:\Windows\system32;C:\Windows;C:\Windows\System32\Wbem;C:\Windows\System32\WindowsPowerShell\v1.0\;C:\Program Files\WIDCOMM\Bluetooth Software\;C:\Program Files\WIDCOMM\Bluetooth Software\syswow64;C:\Program Files (x86)\Common Files\lenovo\easyplussdk\bin;C:\Program Files (x86)\Microsoft SQL Server Migration Assistant for MySQL\bin\;C:\Program Files\Microsoft SQL Server\110\DTS\Binn\;C:\Program Files (x86)\Microsoft SQL Server\110\Tools\Binn\;C:\Program Files\Microsoft SQL Server\110\Tools\Binn\;C:\Program Files (x86)\Microsoft SQL Server\110\Tools\Binn\ManagementStudio\;C:\Program Files (x86)\Microsoft Visual Studio 10.0\Common7\IDE\PrivateAssemblies\;C:\Program Files (x86)\Microsoft SQL Server\110\DTS\Binn\;C:\Program Files (x86)\MySQL\MySQL Fabric 1.5 & MySQL Utilities 1.5\;C:\Program Files (x86)\MySQL\MySQL Fabric 1.5 & MySQL Utilities 1.5\Doctrine extensions for PHP\;C:\android-sdk-windows\platform-tools;C:\android-sdk-windows\tools;c:\Program Files (x86)\Microsoft SQL Server\90\Tools\binn\;C:\Program Files\nodejs\;C:\Program Files (x86)\Windows Kits\8.1\Windows Performance Toolkit\;C:\Users\khakzad\.gradle\wrapper\dists\gradle-2.4-all\6r4uqcc6ovnq6ac6s0txzcpc0\gradle-2.4\bin;C:\Program Files\Java\jdk1.8.0_05\bin\;C:\Program Files (x86)\Skype\Phone\;C:\Users\khakzad\AppData\Roaming\npm
USERNAME=khakzad
OS=Windows_NT
PROCESSOR_IDENTIFIER=Intel64 Family 6 Model 30 Stepping 5, GenuineIntel



---------------  S Y S T E M  ---------------

 OS: Windows 7 , 64 bit Build 7601 (6.1.7601.18015)

CPU:total 8 (4 cores per cpu, 2 threads per core) family 6 model 30 stepping 5, cmov, cx8, fxsr, mmx, sse, sse2, sse3, ssse3, sse4.1, sse4.2, popcnt, ht, tsc, tscinvbit

Memory: 4k page, physical 8370236k(942628k free), swap 14454864k(5264k free)

vm_info: Java HotSpot(TM) 64-Bit Server VM (1.9.0-ea-b52) for windows-amd64 JRE (1.9.0-ea-b52), built on Feb 25 2015 21:39:01 by "java_re" with MS VC++ 10.0 (VS2010)

time: Sat Sep 17 09:46:24 2016
elapsed time: 7222 seconds (0d 2h 0m 22s)

