#
# There is insufficient memory for the Java Runtime Environment to continue.
# Native memory allocation (malloc) failed to allocate 827536 bytes for Chunk::new
# Possible reasons:
#   The system is out of physical RAM or swap space
#   In 32 bit mode, the process size limit was hit
# Possible solutions:
#   Reduce memory load on the system
#   Increase physical memory or swap space
#   Check if swap backing store is full
#   Use 64 bit Java on a 64 bit OS
#   Decrease Java heap size (-Xmx/-Xms)
#   Decrease number of Java threads
#   Decrease Java thread stack sizes (-Xss)
#   Set larger code cache with -XX:ReservedCodeCacheSize=
# This output file may be truncated or incomplete.
#
#  Out of Memory Error (allocation.cpp:372), pid=7608, tid=7656
#
# JRE version: Java(TM) SE Runtime Environment (9.0-b52) (build 1.9.0-ea-b52)
# Java VM: Java HotSpot(TM) 64-Bit Server VM (1.9.0-ea-b52 mixed mode windows-amd64 compressed oops)
# Failed to write core dump. Minidumps are not enabled by default on client versions of Windows
#

---------------  T H R E A D  ---------------

Current thread (0x00000000573b8000):  JavaThread "C2 CompilerThread2" daemon [_thread_in_native, id=7656, stack(0x0000000058100000,0x0000000058200000)]

Stack: [0x0000000058100000,0x0000000058200000]
[error occurred during error reporting (printing stack bounds), id 0xc0000005]

Native frames: (J=compiled Java code, j=interpreted, Vv=VM code, C=native code)


Current CompileTask:
C2:   3147 1223   !   4       com.android.dx.cf.code.BytecodeArray::parseInstruction (2764 bytes)


---------------  P R O C E S S  ---------------

Java Threads: ( => current thread )
  0x0000000058a0f800 JavaThread "pool-1-thread-4" [_thread_in_Java, id=7748, stack(0x0000000058210000,0x0000000058310000)]
  0x00000000588d8000 JavaThread "pool-1-thread-3" [_thread_in_Java, id=8016, stack(0x0000000059690000,0x0000000059790000)]
  0x00000000588d7800 JavaThread "pool-1-thread-2" [_thread_in_Java, id=3876, stack(0x0000000059440000,0x0000000059540000)]
  0x0000000058a0d000 JavaThread "pool-2-thread-1" [_thread_blocked, id=6708, stack(0x0000000059240000,0x0000000059340000)]
  0x00000000576dc000 JavaThread "pool-1-thread-1" [_thread_in_Java, id=6624, stack(0x0000000059060000,0x0000000059160000)]
  0x000000005745b000 JavaThread "Service Thread" daemon [_thread_blocked, id=7736, stack(0x0000000058580000,0x0000000058680000)]
  0x000000005741d000 JavaThread "Sweeper thread" daemon [_thread_blocked, id=4292, stack(0x0000000057e80000,0x0000000057f80000)]
  0x00000000573b9000 JavaThread "C1 CompilerThread3" daemon [_thread_in_native, id=8040, stack(0x0000000058310000,0x0000000058410000)]
=>0x00000000573b8000 JavaThread "C2 CompilerThread2" daemon [_thread_in_native, id=7656, stack(0x0000000058100000,0x0000000058200000)]
  0x00000000573b1800 JavaThread "C2 CompilerThread1" daemon [_thread_in_native, id=4212, stack(0x0000000057ff0000,0x00000000580f0000)]
  0x00000000573c0800 JavaThread "C2 CompilerThread0" daemon [_thread_in_native, id=7116, stack(0x0000000057d60000,0x0000000057e60000)]
  0x00000000573bc800 JavaThread "Attach Listener" daemon [_thread_blocked, id=8184, stack(0x0000000057be0000,0x0000000057ce0000)]
  0x00000000573bb000 JavaThread "Signal Dispatcher" daemon [_thread_blocked, id=7612, stack(0x0000000057a50000,0x0000000057b50000)]
  0x00000000021df000 JavaThread "Finalizer" daemon [_thread_blocked, id=4584, stack(0x0000000057860000,0x0000000057960000)]
  0x00000000555df000 JavaThread "Reference Handler" daemon [_thread_blocked, id=6416, stack(0x0000000057260000,0x0000000057360000)]
  0x000000000223e800 JavaThread "main" [_thread_in_Java, id=6364, stack(0x0000000002470000,0x0000000002570000)]

Other Threads:
  0x00000000555d7800 VMThread [stack: 0x0000000057100000,0x0000000057200000] [id=5324]
  0x0000000057465000 WatcherThread [stack: 0x0000000058410000,0x0000000058510000] [id=6556]

VM state:not at safepoint (normal execution)

VM Mutex/Monitor currently owned by a thread: None

Heap:
 PSYoungGen      total 38400K, used 11214K [0x00000000eab00000, 0x00000000ef600000, 0x0000000100000000)
  eden space 33280K, 18% used [0x00000000eab00000,0x00000000eb0f54f0,0x00000000ecb80000)
  from space 5120K, 99% used [0x00000000ed080000,0x00000000ed57e4f8,0x00000000ed580000)
  to   space 5120K, 0% used [0x00000000ecb80000,0x00000000ecb80000,0x00000000ed080000)
 ParOldGen       total 87552K, used 5335K [0x00000000c0000000, 0x00000000c5580000, 0x00000000eab00000)
  object space 87552K, 6% used [0x00000000c0000000,0x00000000c0535cf8,0x00000000c5580000)
 Metaspace       used 6852K, capacity 7096K, committed 7424K, reserved 1056768K
  class space    used 659K, capacity 688K, committed 768K, reserved 1048576K

Card table byte_map: [0x0000000011930000,0x0000000011b40000] byte_map_base: 0x0000000011330000

Marking Bits: (ParMarkBitMap*) 0x00000000681b1760
 Begin Bits: [0x00000000129e0000, 0x00000000139e0000)
 End Bits:   [0x00000000139e0000, 0x00000000149e0000)

Polling page: 0x0000000000330000

CodeHeap 'non-nmethods': size=5760Kb used=1103Kb max_used=1133Kb free=4656Kb
 bounds [0x0000000002840000, 0x0000000002ab0000, 0x0000000002de0000]
CodeHeap 'profiled nmethods': size=120000Kb used=3194Kb max_used=3194Kb free=116805Kb
 bounds [0x0000000002de0000, 0x0000000003100000, 0x000000000a310000]
CodeHeap 'non-profiled nmethods': size=120000Kb used=538Kb max_used=538Kb free=119461Kb
 bounds [0x000000000a310000, 0x000000000a580000, 0x0000000011840000]
 total_blobs=1642 nmethods=1352 adapters=204
 compilation: enabled

Compilation events (10 events):
Event: 3.121 Thread 0x00000000573b9000 nmethod 1411 0x00000000030f8690 code [0x00000000030f87e0, 0x00000000030f8950]
Event: 3.122 Thread 0x00000000573b9000 1412       2       com.android.dx.ssa.PhiTypeResolver::run (179 bytes)
Event: 3.124 Thread 0x00000000573b9000 nmethod 1412 0x00000000030f8a10 code [0x00000000030f8c20, 0x00000000030f91c8]
Event: 3.124 Thread 0x00000000573b9000 1414       2       com.android.dx.dex.code.RopTranslator::pickOrder (400 bytes)
Event: 3.129 Thread 0x00000000573b1800 nmethod 1405 0x000000000a396410 code [0x000000000a396560, 0x000000000a396818]
Event: 3.129 Thread 0x00000000573b1800 1425   !   4       com.android.dx.rop.code.BasicBlock::<init> (273 bytes)
Event: 3.130 Thread 0x00000000573b9000 nmethod 1414 0x00000000030f9910 code [0x00000000030f9b40, 0x00000000030fa698]
Event: 3.130 Thread 0x00000000573b9000 1424   !   2       com.android.dx.cf.direct.AttributeListParser::parse (323 bytes)
Event: 3.138 Thread 0x00000000573b9000 nmethod 1424 0x00000000030fb590 code [0x00000000030fb940, 0x00000000030fcd08]
Event: 3.138 Thread 0x00000000573b9000 1413       2       com.android.dx.ssa.ConstCollector::getConstsSortedByCountUse (386 bytes)

GC Heap History (4 events):
Event: 2.311 GC heap before
{Heap before GC invocations=1 (full 0):
 PSYoungGen      total 38400K, used 33280K [0x00000000eab00000, 0x00000000ed580000, 0x0000000100000000)
  eden space 33280K, 100% used [0x00000000eab00000,0x00000000ecb80000,0x00000000ecb80000)
  from space 5120K, 0% used [0x00000000ed080000,0x00000000ed080000,0x00000000ed580000)
  to   space 5120K, 0% used [0x00000000ecb80000,0x00000000ecb80000,0x00000000ed080000)
 ParOldGen       total 87552K, used 0K [0x00000000c0000000, 0x00000000c5580000, 0x00000000eab00000)
  object space 87552K, 0% used [0x00000000c0000000,0x00000000c0000000,0x00000000c5580000)
 Metaspace       used 6662K, capacity 6904K, committed 7168K, reserved 1056768K
  class space    used 659K, capacity 688K, committed 768K, reserved 1048576K
Event: 2.329 GC heap after
Heap after GC invocations=1 (full 0):
 PSYoungGen      total 38400K, used 5110K [0x00000000eab00000, 0x00000000ed580000, 0x0000000100000000)
  eden space 33280K, 0% used [0x00000000eab00000,0x00000000eab00000,0x00000000ecb80000)
  from space 5120K, 99% used [0x00000000ecb80000,0x00000000ed07d998,0x00000000ed080000)
  to   space 5120K, 0% used [0x00000000ed080000,0x00000000ed080000,0x00000000ed580000)
 ParOldGen       total 87552K, used 1204K [0x00000000c0000000, 0x00000000c5580000, 0x00000000eab00000)
  object space 87552K, 1% used [0x00000000c0000000,0x00000000c012d1f0,0x00000000c5580000)
 Metaspace       used 6662K, capacity 6904K, committed 7168K, reserved 1056768K
  class space    used 659K, capacity 688K, committed 768K, reserved 1048576K
}
Event: 2.946 GC heap before
{Heap before GC invocations=2 (full 0):
 PSYoungGen      total 38400K, used 38390K [0x00000000eab00000, 0x00000000ed580000, 0x0000000100000000)
  eden space 33280K, 100% used [0x00000000eab00000,0x00000000ecb80000,0x00000000ecb80000)
  from space 5120K, 99% used [0x00000000ecb80000,0x00000000ed07d998,0x00000000ed080000)
  to   space 5120K, 0% used [0x00000000ed080000,0x00000000ed080000,0x00000000ed580000)
 ParOldGen       total 87552K, used 1204K [0x00000000c0000000, 0x00000000c5580000, 0x00000000eab00000)
  object space 87552K, 1% used [0x00000000c0000000,0x00000000c012d1f0,0x00000000c5580000)
 Metaspace       used 6844K, capacity 7096K, committed 7424K, reserved 1056768K
  class space    used 659K, capacity 688K, committed 768K, reserved 1048576K
Event: 3.062 GC heap after
Heap after GC invocations=2 (full 0):
 PSYoungGen      total 38400K, used 5113K [0x00000000eab00000, 0x00000000ef600000, 0x0000000100000000)
  eden space 33280K, 0% used [0x00000000eab00000,0x00000000eab00000,0x00000000ecb80000)
  from space 5120K, 99% used [0x00000000ed080000,0x00000000ed57e4f8,0x00000000ed580000)
  to   space 5120K, 0% used [0x00000000ecb80000,0x00000000ecb80000,0x00000000ed080000)
 ParOldGen       total 87552K, used 5335K [0x00000000c0000000, 0x00000000c5580000, 0x00000000eab00000)
  object space 87552K, 6% used [0x00000000c0000000,0x00000000c0535cf8,0x00000000c5580000)
 Metaspace       used 6844K, capacity 7096K, committed 7424K, reserved 1056768K
  class space    used 659K, capacity 688K, committed 768K, reserved 1048576K
}

Deoptimization events (9 events):
Event: 0.918 Thread 0x000000000223e800 Uncommon trap: reason=unstable_if action=reinterpret pc=0x000000000a31de08 method=java.lang.String.indexOf(II)I @ 49
Event: 1.741 Thread 0x0000000058a0f800 Uncommon trap: reason=unstable_if action=reinterpret pc=0x000000000a3383fc method=java.util.HashMap.getNode(ILjava/lang/Object;)Ljava/util/HashMap$Node; @ 62
Event: 1.792 Thread 0x00000000588d7800 Uncommon trap: reason=bimorphic action=maybe_recompile pc=0x000000000a33c918 method=java.util.HashMap.getNode(ILjava/lang/Object;)Ljava/util/HashMap$Node; @ 126
Event: 2.041 Thread 0x0000000058a0f800 Uncommon trap: reason=unstable_if action=reinterpret pc=0x000000000a35061c method=com.android.dx.rop.code.RegisterSpecSet.put(Lcom/android/dx/rop/code/RegisterSpec;)V @ 77
Event: 2.837 Thread 0x00000000588d8000 Uncommon trap: reason=unstable_if action=reinterpret pc=0x000000000a34af44 method=com.android.dx.rop.cst.Constant.compareTo(Lcom/android/dx/rop/cst/Constant;)I @ 12
Event: 2.878 Thread 0x0000000058a0f800 Uncommon trap: reason=bimorphic action=maybe_recompile pc=0x000000000a33c918 method=java.util.HashMap.getNode(ILjava/lang/Object;)Ljava/util/HashMap$Node; @ 126
Event: 2.878 Thread 0x0000000058a0f800 Uncommon trap: reason=bimorphic action=maybe_recompile pc=0x000000000a367994 method=java.util.HashMap.putVal(ILjava/lang/Object;Ljava/lang/Object;ZZ)Ljava/lang/Object; @ 203
Event: 3.076 Thread 0x00000000588d8000 Uncommon trap: reason=bimorphic action=maybe_recompile pc=0x000000000a33c918 method=java.util.HashMap.getNode(ILjava/lang/Object;)Ljava/util/HashMap$Node; @ 126
Event: 3.079 Thread 0x00000000588d8000 Uncommon trap: reason=bimorphic action=maybe_recompile pc=0x000000000a33c918 method=java.util.HashMap.getNode(ILjava/lang/Object;)Ljava/util/HashMap$Node; @ 126

Internal exceptions (0 events):
No events

Events (10 events):
Event: 2.878 Thread 0x0000000058a0f800 DEOPT PACKING pc=0x000000000a367994 sp=0x000000005830e950
Event: 2.878 Thread 0x0000000058a0f800 DEOPT UNPACKING pc=0x0000000002887b6a sp=0x000000005830e888 mode 2
Event: 2.944 Executing VM operation: ParallelGCFailedAllocation
Event: 3.062 Executing VM operation: ParallelGCFailedAllocation done
Event: 3.076 Thread 0x00000000588d8000 Uncommon trap: trap_request=0xffffffc6 fr.pc=0x000000000a33c918
Event: 3.078 Thread 0x00000000588d8000 DEOPT PACKING pc=0x000000000a33c918 sp=0x000000005978e750
Event: 3.078 Thread 0x00000000588d8000 DEOPT UNPACKING pc=0x0000000002887b6a sp=0x000000005978e668 mode 2
Event: 3.079 Thread 0x00000000588d8000 Uncommon trap: trap_request=0xffffffc6 fr.pc=0x000000000a33c918
Event: 3.079 Thread 0x00000000588d8000 DEOPT PACKING pc=0x000000000a33c918 sp=0x000000005978e740
Event: 3.079 Thread 0x00000000588d8000 DEOPT UNPACKING pc=0x0000000002887b6a sp=0x000000005978e658 mode 2


Dynamic libraries:
0x000000013fc10000 - 0x000000013fc47000 	C:\Program Files\Java\jdk1.9.0\bin\java.exe
0x0000000077570000 - 0x0000000077719000 	C:\Windows\SYSTEM32\ntdll.dll
0x0000000077450000 - 0x000000007756f000 	C:\Windows\system32\kernel32.dll
0x000007fefd340000 - 0x000007fefd3ab000 	C:\Windows\system32\KERNELBASE.dll
0x000007fefde30000 - 0x000007fefdf0b000 	C:\Windows\system32\ADVAPI32.dll
0x000007feff480000 - 0x000007feff51f000 	C:\Windows\system32\msvcrt.dll
0x000007feff520000 - 0x000007feff53f000 	C:\Windows\SYSTEM32\sechost.dll
0x000007feff220000 - 0x000007feff34d000 	C:\Windows\system32\RPCRT4.dll
0x0000000077350000 - 0x000000007744a000 	C:\Windows\system32\USER32.dll
0x000007fefd9d0000 - 0x000007fefda37000 	C:\Windows\system32\GDI32.dll
0x000007feff350000 - 0x000007feff35e000 	C:\Windows\system32\LPK.dll
0x000007feff760000 - 0x000007feff829000 	C:\Windows\system32\USP10.dll
0x000007fefb840000 - 0x000007fefba34000 	C:\Windows\WinSxS\amd64_microsoft.windows.common-controls_6595b64144ccf1df_6.0.7601.17514_none_fa396087175ac9ac\COMCTL32.dll
0x000007feff400000 - 0x000007feff471000 	C:\Windows\system32\SHLWAPI.dll
0x000007feff730000 - 0x000007feff75e000 	C:\Windows\system32\IMM32.DLL
0x000007feff110000 - 0x000007feff219000 	C:\Windows\system32\MSCTF.dll
0x0000000068230000 - 0x0000000068302000 	C:\Program Files\Java\jdk1.9.0\bin\msvcr100.dll
0x00000000679b0000 - 0x0000000068230000 	C:\Program Files\Java\jdk1.9.0\bin\server\jvm.dll
0x000007fef72c0000 - 0x000007fef72c9000 	C:\Windows\system32\WSOCK32.dll
0x000007feff830000 - 0x000007feff87d000 	C:\Windows\system32\WS2_32.dll
0x000007feff540000 - 0x000007feff548000 	C:\Windows\system32\NSI.dll
0x000007fefb0a0000 - 0x000007fefb0db000 	C:\Windows\system32\WINMM.dll
0x000007fefc410000 - 0x000007fefc41c000 	C:\Windows\system32\VERSION.dll
0x0000000077730000 - 0x0000000077737000 	C:\Windows\system32\PSAPI.DLL
0x000007fef59d0000 - 0x000007fef59df000 	C:\Program Files\Java\jdk1.9.0\bin\verify.dll
0x000007fef2390000 - 0x000007fef23b7000 	C:\Program Files\Java\jdk1.9.0\bin\java.dll
0x000007fef2370000 - 0x000007fef2386000 	C:\Program Files\Java\jdk1.9.0\bin\zip.dll
0x000007fefe380000 - 0x000007feff108000 	C:\Windows\system32\SHELL32.dll
0x000007fefdae0000 - 0x000007fefdce3000 	C:\Windows\system32\ole32.dll
0x000007fefd330000 - 0x000007fefd33f000 	C:\Windows\system32\profapi.dll
0x000007fef2350000 - 0x000007fef236a000 	C:\Program Files\Java\jdk1.9.0\bin\net.dll
0x000007fefcb00000 - 0x000007fefcb55000 	C:\Windows\system32\mswsock.dll
0x000007fefcaf0000 - 0x000007fefcaf7000 	C:\Windows\System32\wship6.dll
0x000007fef2330000 - 0x000007fef2342000 	C:\Program Files\Java\jdk1.9.0\bin\nio.dll

VM Arguments:
jvm_args: -Djava.awt.headless=true -Xmx1024M -Dfile.encoding=windows-1256 -Duser.country=US -Duser.language=en -Duser.variant 
java_command: com.android.dx.command.Main --dex --num-threads=4 --output C:\Driver\app\build\intermediates\pre-dexed\debug\com.android.support-appcompat-v7-24.1.1_58f09d1ecad03deaae8bb417afb8eaac6dd7eff8.jar C:\Driver\app\build\intermediates\exploded-aar\com.android.support\appcompat-v7\24.1.1\jars\classes.jar
java_class_path (initial): C:\android-sdk-windows\build-tools\android-7.0\lib\dx.jar
Launcher Type: SUN_STANDARD

Environment Variables:
JAVA_HOME=C:\Program Files\Java\jdk1.8.0_05
JRE_HOME=C:\Program Files\Java\jre8
PATH=C:\ProgramData\Oracle\Java\javapath;C:\Windows\system32;C:\Windows;C:\Windows\System32\Wbem;C:\Windows\System32\WindowsPowerShell\v1.0\;C:\Program Files\WIDCOMM\Bluetooth Software\;C:\Program Files\WIDCOMM\Bluetooth Software\syswow64;C:\Program Files (x86)\Common Files\lenovo\easyplussdk\bin;C:\Program Files (x86)\Microsoft SQL Server Migration Assistant for MySQL\bin\;C:\Program Files\Microsoft SQL Server\110\DTS\Binn\;C:\Program Files (x86)\Microsoft SQL Server\110\Tools\Binn\;C:\Program Files\Microsoft SQL Server\110\Tools\Binn\;C:\Program Files (x86)\Microsoft SQL Server\110\Tools\Binn\ManagementStudio\;C:\Program Files (x86)\Microsoft Visual Studio 10.0\Common7\IDE\PrivateAssemblies\;C:\Program Files (x86)\Microsoft SQL Server\110\DTS\Binn\;C:\Program Files (x86)\MySQL\MySQL Fabric 1.5 & MySQL Utilities 1.5\;C:\Program Files (x86)\MySQL\MySQL Fabric 1.5 & MySQL Utilities 1.5\Doctrine extensions for PHP\;C:\android-sdk-windows\platform-tools;C:\android-sdk-windows\tools;c:\Program Files (x86)\Microsoft SQL Server\90\Tools\binn\;C:\Program Files\nodejs\;C:\Program Files (x86)\Windows Kits\8.1\Windows Performance Toolkit\;C:\Users\khakzad\.gradle\wrapper\dists\gradle-2.4-all\6r4uqcc6ovnq6ac6s0txzcpc0\gradle-2.4\bin;C:\Program Files\Java\jdk1.8.0_05\bin\;C:\Program Files (x86)\Skype\Phone\;C:\Users\khakzad\AppData\Roaming\npm
USERNAME=khakzad
OS=Windows_NT
PROCESSOR_IDENTIFIER=Intel64 Family 6 Model 30 Stepping 5, GenuineIntel



---------------  S Y S T E M  ---------------

 OS: Windows 7 , 64 bit Build 7601 (6.1.7601.18015)

CPU:total 8 (4 cores per cpu, 2 threads per core) family 6 model 30 stepping 5, cmov, cx8, fxsr, mmx, sse, sse2, sse3, ssse3, sse4.1, sse4.2, popcnt, ht, tsc, tscinvbit

Memory: 4k page, physical 8370236k(1148608k free), swap 11682612k(5732k free)

vm_info: Java HotSpot(TM) 64-Bit Server VM (1.9.0-ea-b52) for windows-amd64 JRE (1.9.0-ea-b52), built on Feb 25 2015 21:39:01 by "java_re" with MS VC++ 10.0 (VS2010)

time: Tue Sep 13 18:56:00 2016
elapsed time: 3 seconds (0d 0h 0m 3s)

